TN:
SF:/home/conor/WebstormProjects/Hotel-System/app.js
FN:50,(anonymous_0)
FN:55,(anonymous_1)
FNF:2
FNH:0
FNDA:0,(anonymous_0)
FNDA:0,(anonymous_1)
DA:1,1
DA:2,1
DA:3,1
DA:4,1
DA:5,1
DA:7,1
DA:8,1
DA:9,1
DA:10,1
DA:11,1
DA:13,1
DA:16,1
DA:17,1
DA:19,1
DA:20,1
DA:21,1
DA:22,1
DA:23,1
DA:25,1
DA:26,1
DA:27,1
DA:28,1
DA:30,1
DA:32,1
DA:33,1
DA:36,1
DA:37,1
DA:38,1
DA:40,1
DA:41,1
DA:43,1
DA:46,1
DA:47,1
DA:50,1
DA:51,0
DA:55,1
DA:57,0
DA:58,0
DA:61,0
DA:62,0
DA:65,1
LF:41
LH:36
BRDA:58,0,0,0
BRDA:58,0,1,0
BRDA:61,1,0,0
BRDA:61,1,1,0
BRF:4
BRH:0
end_of_record
TN:
SF:/home/conor/WebstormProjects/Hotel-System/models/guests.js
FNF:0
FNH:0
DA:1,1
DA:3,1
DA:14,1
LF:3
LH:3
BRF:0
BRH:0
end_of_record
TN:
SF:/home/conor/WebstormProjects/Hotel-System/models/rooms.js
FNF:0
FNH:0
DA:1,1
DA:3,1
DA:13,1
LF:3
LH:3
BRF:0
BRH:0
end_of_record
TN:
SF:/home/conor/WebstormProjects/Hotel-System/routes/base.js
FN:16,(anonymous_0)
FN:20,(anonymous_1)
FN:24,(anonymous_2)
FN:33,(anonymous_3)
FN:41,(anonymous_4)
FN:46,(anonymous_5)
FN:53,(anonymous_6)
FN:59,(anonymous_7)
FN:74,(anonymous_8)
FN:80,(anonymous_9)
FN:88,(anonymous_10)
FN:93,(anonymous_11)
FN:99,(anonymous_12)
FN:105,(anonymous_13)
FNF:14
FNH:13
FNDA:0,(anonymous_0)
FNDA:1,(anonymous_1)
FNDA:3,(anonymous_2)
FNDA:3,(anonymous_3)
FNDA:2,(anonymous_4)
FNDA:1,(anonymous_5)
FNDA:1,(anonymous_6)
FNDA:1,(anonymous_7)
FNDA:2,(anonymous_8)
FNDA:2,(anonymous_9)
FNDA:1,(anonymous_10)
FNDA:1,(anonymous_11)
FNDA:1,(anonymous_12)
FNDA:1,(anonymous_13)
DA:1,1
DA:2,1
DA:3,1
DA:4,1
DA:5,1
DA:6,1
DA:9,1
DA:10,1
DA:12,1
DA:14,1
DA:16,1
DA:17,0
DA:20,1
DA:21,1
DA:24,1
DA:30,3
DA:33,3
DA:34,3
DA:35,1
DA:38,2
DA:39,2
DA:41,2
DA:42,2
DA:43,0
DA:46,2
DA:47,1
DA:49,1
DA:50,1
DA:51,1
DA:52,1
DA:53,1
DA:54,1
DA:55,0
DA:57,1
DA:58,1
DA:59,1
DA:60,1
DA:61,0
DA:63,1
DA:68,2
DA:69,1
DA:74,1
DA:77,2
DA:80,2
DA:81,2
DA:82,1
DA:85,1
DA:86,1
DA:88,1
DA:89,1
DA:90,0
DA:93,1
DA:94,1
DA:96,1
DA:97,1
DA:98,1
DA:99,1
DA:100,1
DA:101,0
DA:103,1
DA:104,1
DA:105,1
DA:106,1
DA:107,0
DA:109,1
DA:114,1
DA:115,0
DA:121,1
LF:68
LH:60
BRDA:34,0,0,1
BRDA:34,0,1,2
BRDA:42,1,0,0
BRDA:42,1,1,2
BRDA:47,2,0,1
BRDA:47,2,1,0
BRDA:47,3,0,1
BRDA:47,3,1,1
BRDA:54,4,0,0
BRDA:54,4,1,1
BRDA:60,5,0,0
BRDA:60,5,1,1
BRDA:68,6,0,1
BRDA:68,6,1,1
BRDA:81,7,0,1
BRDA:81,7,1,1
BRDA:89,8,0,0
BRDA:89,8,1,1
BRDA:94,9,0,1
BRDA:94,9,1,0
BRDA:94,10,0,1
BRDA:94,10,1,1
BRDA:100,11,0,0
BRDA:100,11,1,1
BRDA:106,12,0,0
BRDA:106,12,1,1
BRDA:114,13,0,0
BRDA:114,13,1,1
BRF:28
BRH:19
end_of_record
TN:
SF:/home/conor/WebstormProjects/Hotel-System/routes/guests.js
FN:12,(anonymous_0)
FN:16,(anonymous_1)
FN:20,(anonymous_2)
FN:24,(anonymous_3)
FN:32,(anonymous_4)
FN:36,(anonymous_5)
FN:47,(anonymous_6)
FN:49,(anonymous_7)
FN:57,(anonymous_8)
FN:59,(anonymous_9)
FN:66,(anonymous_10)
FN:79,(anonymous_11)
FN:87,getByValue
FN:88,(anonymous_13)
FNF:14
FNH:11
FNDA:0,(anonymous_0)
FNDA:1,(anonymous_1)
FNDA:3,(anonymous_2)
FNDA:3,(anonymous_3)
FNDA:2,(anonymous_4)
FNDA:2,(anonymous_5)
FNDA:2,(anonymous_6)
FNDA:2,(anonymous_7)
FNDA:1,(anonymous_8)
FNDA:1,(anonymous_9)
FNDA:1,(anonymous_10)
FNDA:1,(anonymous_11)
FNDA:0,getByValue
FNDA:0,(anonymous_13)
DA:1,1
DA:2,1
DA:3,1
DA:4,1
DA:7,1
DA:8,1
DA:10,1
DA:12,1
DA:13,0
DA:16,1
DA:17,1
DA:20,1
DA:22,3
DA:24,3
DA:25,3
DA:26,0
DA:28,3
DA:32,1
DA:34,2
DA:36,2
DA:37,2
DA:38,1
DA:41,1
DA:47,1
DA:49,2
DA:50,2
DA:51,1
DA:53,1
DA:57,1
DA:59,1
DA:60,1
DA:61,0
DA:63,1
DA:66,1
DA:68,1
DA:70,1
DA:72,1
DA:73,1
DA:74,1
DA:75,1
DA:76,1
DA:77,1
DA:79,1
DA:80,1
DA:81,0
DA:83,1
DA:88,0
DA:89,0
DA:92,1
LF:49
LH:43
BRDA:25,0,0,0
BRDA:25,0,1,3
BRDA:37,1,0,1
BRDA:37,1,1,1
BRDA:50,2,0,1
BRDA:50,2,1,1
BRDA:60,3,0,0
BRDA:60,3,1,1
BRDA:80,4,0,0
BRDA:80,4,1,1
BRDA:89,5,0,0
BRDA:89,5,1,0
BRF:12
BRH:7
end_of_record
TN:
SF:/home/conor/WebstormProjects/Hotel-System/routes/index.js
FN:5,(anonymous_0)
FNF:1
FNH:0
FNDA:0,(anonymous_0)
DA:1,1
DA:2,1
DA:5,1
DA:6,0
DA:9,1
LF:5
LH:4
BRF:0
BRH:0
end_of_record
TN:
SF:/home/conor/WebstormProjects/Hotel-System/routes/rooms.js
FN:12,(anonymous_0)
FN:16,(anonymous_1)
FN:20,(anonymous_2)
FN:24,(anonymous_3)
FN:32,(anonymous_4)
FN:36,(anonymous_5)
FN:44,(anonymous_6)
FN:50,(anonymous_7)
FN:55,(anonymous_8)
FN:65,(anonymous_9)
FN:69,(anonymous_10)
FN:74,(anonymous_11)
FN:84,(anonymous_12)
FN:88,(anonymous_13)
FN:99,(anonymous_14)
FN:101,(anonymous_15)
FNF:16
FNH:15
FNDA:0,(anonymous_0)
FNDA:1,(anonymous_1)
FNDA:1,(anonymous_2)
FNDA:1,(anonymous_3)
FNDA:1,(anonymous_4)
FNDA:1,(anonymous_5)
FNDA:2,(anonymous_6)
FNDA:2,(anonymous_7)
FNDA:1,(anonymous_8)
FNDA:3,(anonymous_9)
FNDA:3,(anonymous_10)
FNDA:2,(anonymous_11)
FNDA:2,(anonymous_12)
FNDA:2,(anonymous_13)
FNDA:2,(anonymous_14)
FNDA:2,(anonymous_15)
DA:1,1
DA:2,1
DA:3,1
DA:4,1
DA:7,1
DA:8,1
DA:10,1
DA:12,1
DA:13,0
DA:16,1
DA:17,1
DA:20,1
DA:22,1
DA:24,1
DA:25,1
DA:26,0
DA:28,1
DA:32,1
DA:34,1
DA:36,1
DA:37,1
DA:38,0
DA:40,1
DA:44,1
DA:46,2
DA:50,2
DA:51,2
DA:52,1
DA:54,1
DA:55,1
DA:56,1
DA:57,0
DA:59,1
DA:65,1
DA:67,3
DA:69,3
DA:70,3
DA:71,1
DA:73,2
DA:74,2
DA:75,2
DA:76,0
DA:78,2
DA:84,1
DA:86,2
DA:88,2
DA:89,2
DA:90,1
DA:93,1
DA:99,1
DA:101,2
DA:102,2
DA:103,1
DA:105,1
DA:110,1
LF:55
LH:50
BRDA:25,0,0,0
BRDA:25,0,1,1
BRDA:37,1,0,0
BRDA:37,1,1,1
BRDA:51,2,0,1
BRDA:51,2,1,1
BRDA:56,3,0,0
BRDA:56,3,1,1
BRDA:70,4,0,1
BRDA:70,4,1,2
BRDA:75,5,0,0
BRDA:75,5,1,2
BRDA:89,6,0,1
BRDA:89,6,1,1
BRDA:102,7,0,1
BRDA:102,7,1,1
BRF:16
BRH:12
end_of_record
TN:
SF:/home/conor/WebstormProjects/Hotel-System/routes/users.js
FN:5,(anonymous_0)
FNF:1
FNH:0
FNDA:0,(anonymous_0)
DA:1,1
DA:2,1
DA:5,1
DA:6,0
DA:9,1
LF:5
LH:4
BRF:0
BRH:0
end_of_record
